<?xml version="1.0" encoding="UTF-8"?>
<!-- Generated by org.testng.reporters.JUnitReportReporter -->
<testsuite skipped="0" hostname="PC-20191001XOGU" name="com.meyoung.day1.Assertdemo" tests="4" failures="0" timestamp="2020-01-01T13:19:55 CST" time="0.006" errors="0">
  <testcase name="assertNull" time="0.000" classname="com.meyoung.day1.Assertdemo"/>
  <system-out/>
  <testcase name="assertNotNull" time="0.000" classname="com.meyoung.day1.Assertdemo"/>
  <system-out/>
  <testcase name="assertEqual" time="0.002" classname="com.meyoung.day1.Assertdemo"/>
  <system-out/>
  <testcase name="assertNotEqual" time="0.004" classname="com.meyoung.day1.Assertdemo"/>
  <system-out/>
</testsuite> <!-- com.meyoung.day1.Assertdemo -->
