<?xml version="1.0" encoding="UTF-8"?>
<!-- Generated by org.testng.reporters.JUnitReportReporter -->
<testsuite skipped="0" hostname="PC-20191001XOGU" name="com.meyoung.day1.TestNGDemo1" tests="4" failures="0" timestamp="2020-01-01T13:19:55 CST" time="40.020" errors="0">
  <testcase name="testCaseb" time="10.011" classname="com.meyoung.day1.TestNGDemo1"/>
  <system-out/>
  <testcase name="testCasea" time="10.006" classname="com.meyoung.day1.TestNGDemo1"/>
  <system-out/>
  <testcase name="testTest1" time="10.001" classname="com.meyoung.day1.TestNGDemo1"/>
  <system-out/>
  <testcase name="testTest2" time="10.002" classname="com.meyoung.day1.TestNGDemo1"/>
  <system-out/>
</testsuite> <!-- com.meyoung.day1.TestNGDemo1 -->
